<?xml version="1.0" encoding="UTF-8"?>
<testng-results ignored="0" total="1" passed="1" failed="0" skipped="0">
  <reporter-output>
  </reporter-output>
  <suite started-at="2022-02-14T17:26:34 EET" name="Suite" finished-at="2022-02-14T17:26:49 EET" duration-ms="14573">
    <groups>
    </groups>
    <test started-at="2022-02-14T17:26:34 EET" name="Test" finished-at="2022-02-14T17:26:49 EET" duration-ms="14573">
      <class name="test.NewTest">
        <test-method is-config="true" signature="beforeclass()[pri:0, instance:test.NewTest@4310d43]" started-at="2022-02-14T17:26:34 EET" name="beforeclass" finished-at="2022-02-14T17:26:41 EET" duration-ms="6810" status="PASS">
          <reporter-output>
          </reporter-output>
        </test-method> <!-- beforeclass -->
        <test-method signature="f()[pri:0, instance:test.NewTest@4310d43]" started-at="2022-02-14T17:26:41 EET" name="f" finished-at="2022-02-14T17:26:48 EET" duration-ms="6768" status="PASS">
          <reporter-output>
          </reporter-output>
        </test-method> <!-- f -->
        <test-method is-config="true" signature="afterclass()[pri:0, instance:test.NewTest@4310d43]" started-at="2022-02-14T17:26:48 EET" name="afterclass" finished-at="2022-02-14T17:26:49 EET" duration-ms="909" status="PASS">
          <reporter-output>
          </reporter-output>
        </test-method> <!-- afterclass -->
      </class> <!-- test.NewTest -->
    </test> <!-- Test -->
  </suite> <!-- Suite -->
</testng-results>
